<?xml version="1.0" encoding="UTF-8"?>
<testsuite name="tests.WebQuizEngineTest" tests="1" skipped="0" failures="0" errors="0" timestamp="2020-09-22T20:32:23" hostname="WIN10" time="3.515">
  <properties/>
  <testcase name="start" classname="tests.WebQuizEngineTest" time="3.515"/>
  <system-out><![CDATA[?[1;31m
Start test 1?[0m

  .   ____          _            __ _ _
 /\\ / ___'_ __ _ _(_)_ __  __ _ \ \ \ \
( ( )\___ | '_ | '_| | '_ \/ _` | \ \ \ \
 \\/  ___)| |_)| | | | | || (_| |  ) ) ) )
  '  |____| .__|_| |_|_| |_\__, | / / / /
 =========|_|==============|___/=/_/_/_/
 :: Spring Boot ::        (v2.2.2.RELEASE)

2020-09-22 22:32:24.114  INFO 17352 --- [    Test worker] engine.WebQuizEngine                     : Starting WebQuizEngine on WIN10 with PID 17352 (started by Tomek in C:\JavaProjects\Web Quiz Engine\Web Quiz Engine\task)
2020-09-22 22:32:24.119  INFO 17352 --- [    Test worker] engine.WebQuizEngine                     : No active profile set, falling back to default profiles: default
2020-09-22 22:32:25.470  INFO 17352 --- [    Test worker] o.s.b.w.embedded.tomcat.TomcatWebServer  : Tomcat initialized with port(s): 8889 (http)
2020-09-22 22:32:25.483  INFO 17352 --- [    Test worker] o.apache.catalina.core.StandardService   : Starting service [Tomcat]
2020-09-22 22:32:25.483  INFO 17352 --- [    Test worker] org.apache.catalina.core.StandardEngine  : Starting Servlet engine: [Apache Tomcat/9.0.29]
2020-09-22 22:32:25.604  INFO 17352 --- [    Test worker] o.a.c.c.C.[Tomcat].[localhost].[/]       : Initializing Spring embedded WebApplicationContext
2020-09-22 22:32:25.604  INFO 17352 --- [    Test worker] o.s.web.context.ContextLoader            : Root WebApplicationContext: initialization completed in 1429 ms
2020-09-22 22:32:25.960  INFO 17352 --- [    Test worker] o.s.s.concurrent.ThreadPoolTaskExecutor  : Initializing ExecutorService 'applicationTaskExecutor'
2020-09-22 22:32:26.194  INFO 17352 --- [    Test worker] o.s.b.a.e.web.EndpointLinksResolver      : Exposing 14 endpoint(s) beneath base path '/actuator'
2020-09-22 22:32:26.275  INFO 17352 --- [    Test worker] o.s.b.w.embedded.tomcat.TomcatWebServer  : Tomcat started on port(s): 8889 (http) with context path ''
2020-09-22 22:32:26.280  INFO 17352 --- [    Test worker] engine.WebQuizEngine                     : Started WebQuizEngine in 2.578 seconds (JVM running for 3.478)
2020-09-22 22:32:26.647  INFO 17352 --- [nio-8889-exec-1] o.a.c.c.C.[Tomcat].[localhost].[/]       : Initializing Spring DispatcherServlet 'dispatcherServlet'
2020-09-22 22:32:26.648  INFO 17352 --- [nio-8889-exec-1] o.s.web.servlet.DispatcherServlet        : Initializing Servlet 'dispatcherServlet'
2020-09-22 22:32:26.657  INFO 17352 --- [nio-8889-exec-1] o.s.web.servlet.DispatcherServlet        : Completed initialization in 9 ms
?[1;31m
Start test 2?[0m
?[1;31m
Start test 3?[0m
?[1;31m
Start test 4?[0m
?[1;31m
Start test 5?[0m
?[1;31m
Start test 6?[0m
?[1;31m
Start test 7?[0m
?[1;31m
Start test 8?[0m
?[1;31m
Start test 9?[0m
?[1;31m
Start test 10?[0m
?[1;31m
Start test 11?[0m
?[1;31m
Start test 12?[0m
?[1;31m
Start test 13?[0m
?[1;31m
Start test 14?[0m
?[1;31m
Start test 15?[0m
?[1;31m
Start test 16?[0m
?[1;31m
Start test 17?[0m
]]></system-out>
  <system-err><![CDATA[]]></system-err>
</testsuite>
